CRITICAL - 2024-07-17 16:45:04 --> TypeError: mysqli_result::fetch_object(): Argument #1 ($class) must be a valid class name, App\Entities\User given
[Method: GET, Route: ver_clientes]
in SYSTEMPATH\Database\MySQLi\Result.php on line 156.
 1 SYSTEMPATH\Database\MySQLi\Result.php(156): mysqli_result->fetch_object('App\\Entities\\User')
 2 SYSTEMPATH\Database\BaseResult.php(161): CodeIgniter\Database\MySQLi\Result->fetchObject('App\\Entities\\User')
 3 SYSTEMPATH\Database\BaseResult.php(116): CodeIgniter\Database\BaseResult->getCustomResultObject('App\\Entities\\User')
 4 SYSTEMPATH\Model.php(287): CodeIgniter\Database\BaseResult->getResult('App\\Entities\\User')
 5 SYSTEMPATH\BaseModel.php(676): CodeIgniter\Model->doFindAll(0, 0)
 6 APPPATH\Controllers\Clientes.php(13): CodeIgniter\BaseModel->findAll()
 7 SYSTEMPATH\CodeIgniter.php(933): App\Controllers\Clientes->index()
 8 SYSTEMPATH\CodeIgniter.php(509): CodeIgniter\CodeIgniter->runController(Object(App\Controllers\Clientes))
 9 SYSTEMPATH\CodeIgniter.php(355): CodeIgniter\CodeIgniter->handleRequest(null, Object(Config\Cache), false)
10 SYSTEMPATH\Boot.php(325): CodeIgniter\CodeIgniter->run()
11 SYSTEMPATH\Boot.php(67): CodeIgniter\Boot::runCodeIgniter(Object(CodeIgniter\CodeIgniter))
12 FCPATH\index.php(56): CodeIgniter\Boot::bootWeb(Object(Config\Paths))
CRITICAL - 2024-07-17 17:03:58 --> ErrorException: Undefined variable $datos
[Method: GET, Route: ver_planes]
in APPPATH\Views\planes.php on line 41.
 1 APPPATH\Views\planes.php(41): CodeIgniter\Debug\Exceptions->errorHandler(2, 'Undefined variable $datos', 'C:\\xampp\\htdocs\\fs2024\\Ejercicios-Codelgniter\\ci4_telefonia\\app\\Views\\planes.php', 41)
 2 SYSTEMPATH\View\View.php(234): include('C:\\xampp\\htdocs\\fs2024\\Ejercicios-Codelgniter\\ci4_telefonia\\app\\Views\\planes.php')
 3 SYSTEMPATH\View\View.php(237): CodeIgniter\View\View->CodeIgniter\View\{closure}()
 4 SYSTEMPATH\Common.php(1171): CodeIgniter\View\View->render('planes', [], true)
 5 APPPATH\Controllers\Planes.php(13): view('planes')
 6 SYSTEMPATH\CodeIgniter.php(933): App\Controllers\Planes->index()
 7 SYSTEMPATH\CodeIgniter.php(509): CodeIgniter\CodeIgniter->runController(Object(App\Controllers\Planes))
 8 SYSTEMPATH\CodeIgniter.php(355): CodeIgniter\CodeIgniter->handleRequest(null, Object(Config\Cache), false)
 9 SYSTEMPATH\Boot.php(325): CodeIgniter\CodeIgniter->run()
10 SYSTEMPATH\Boot.php(67): CodeIgniter\Boot::runCodeIgniter(Object(CodeIgniter\CodeIgniter))
11 FCPATH\index.php(56): CodeIgniter\Boot::bootWeb(Object(Config\Paths))
CRITICAL - 2024-07-17 17:07:28 --> ErrorException: Undefined variable $datos
[Method: GET, Route: ver_planes]
in APPPATH\Controllers\Planes.php on line 14.
 1 APPPATH\Controllers\Planes.php(14): CodeIgniter\Debug\Exceptions->errorHandler(2, 'Undefined variable $datos', 'C:\\xampp\\htdocs\\fs2024\\Ejercicios-Codelgniter\\ci4_telefonia\\app\\Controllers\\Planes.php', 14)
 2 SYSTEMPATH\CodeIgniter.php(933): App\Controllers\Planes->index()
 3 SYSTEMPATH\CodeIgniter.php(509): CodeIgniter\CodeIgniter->runController(Object(App\Controllers\Planes))
 4 SYSTEMPATH\CodeIgniter.php(355): CodeIgniter\CodeIgniter->handleRequest(null, Object(Config\Cache), false)
 5 SYSTEMPATH\Boot.php(325): CodeIgniter\CodeIgniter->run()
 6 SYSTEMPATH\Boot.php(67): CodeIgniter\Boot::runCodeIgniter(Object(CodeIgniter\CodeIgniter))
 7 FCPATH\index.php(56): CodeIgniter\Boot::bootWeb(Object(Config\Paths))
CRITICAL - 2024-07-17 17:07:38 --> ErrorException: Undefined variable $datos
[Method: GET, Route: ver_planes]
in APPPATH\Views\planes.php on line 41.
 1 APPPATH\Views\planes.php(41): CodeIgniter\Debug\Exceptions->errorHandler(2, 'Undefined variable $datos', 'C:\\xampp\\htdocs\\fs2024\\Ejercicios-Codelgniter\\ci4_telefonia\\app\\Views\\planes.php', 41)
 2 SYSTEMPATH\View\View.php(234): include('C:\\xampp\\htdocs\\fs2024\\Ejercicios-Codelgniter\\ci4_telefonia\\app\\Views\\planes.php')
 3 SYSTEMPATH\View\View.php(237): CodeIgniter\View\View->CodeIgniter\View\{closure}()
 4 SYSTEMPATH\Common.php(1171): CodeIgniter\View\View->render('planes', [], true)
 5 APPPATH\Controllers\Planes.php(14): view('planes')
 6 SYSTEMPATH\CodeIgniter.php(933): App\Controllers\Planes->index()
 7 SYSTEMPATH\CodeIgniter.php(509): CodeIgniter\CodeIgniter->runController(Object(App\Controllers\Planes))
 8 SYSTEMPATH\CodeIgniter.php(355): CodeIgniter\CodeIgniter->handleRequest(null, Object(Config\Cache), false)
 9 SYSTEMPATH\Boot.php(325): CodeIgniter\CodeIgniter->run()
10 SYSTEMPATH\Boot.php(67): CodeIgniter\Boot::runCodeIgniter(Object(CodeIgniter\CodeIgniter))
11 FCPATH\index.php(56): CodeIgniter\Boot::bootWeb(Object(Config\Paths))
CRITICAL - 2024-07-17 17:10:00 --> ErrorException: Undefined variable $datos
[Method: GET, Route: ver_planes]
in APPPATH\Views\planes.php on line 41.
 1 APPPATH\Views\planes.php(41): CodeIgniter\Debug\Exceptions->errorHandler(2, 'Undefined variable $datos', 'C:\\xampp\\htdocs\\fs2024\\Ejercicios-Codelgniter\\ci4_telefonia\\app\\Views\\planes.php', 41)
 2 SYSTEMPATH\View\View.php(234): include('C:\\xampp\\htdocs\\fs2024\\Ejercicios-Codelgniter\\ci4_telefonia\\app\\Views\\planes.php')
 3 SYSTEMPATH\View\View.php(237): CodeIgniter\View\View->CodeIgniter\View\{closure}()
 4 SYSTEMPATH\Common.php(1171): CodeIgniter\View\View->render('planes', [], true)
 5 APPPATH\Controllers\Planes.php(14): view('planes')
 6 SYSTEMPATH\CodeIgniter.php(933): App\Controllers\Planes->index()
 7 SYSTEMPATH\CodeIgniter.php(509): CodeIgniter\CodeIgniter->runController(Object(App\Controllers\Planes))
 8 SYSTEMPATH\CodeIgniter.php(355): CodeIgniter\CodeIgniter->handleRequest(null, Object(Config\Cache), false)
 9 SYSTEMPATH\Boot.php(325): CodeIgniter\CodeIgniter->run()
10 SYSTEMPATH\Boot.php(67): CodeIgniter\Boot::runCodeIgniter(Object(CodeIgniter\CodeIgniter))
11 FCPATH\index.php(56): CodeIgniter\Boot::bootWeb(Object(Config\Paths))
CRITICAL - 2024-07-17 17:12:01 --> ParseError: syntax error, unexpected token "endforeach", expecting end of file
[Method: GET, Route: ver_planes]
in APPPATH\Views\planes.php on line 42.
 1 SYSTEMPATH\View\View.php(237): CodeIgniter\View\View->CodeIgniter\View\{closure}()
 2 SYSTEMPATH\Common.php(1171): CodeIgniter\View\View->render('planes', [], true)
 3 APPPATH\Controllers\Planes.php(14): view('planes')
 4 SYSTEMPATH\CodeIgniter.php(933): App\Controllers\Planes->index()
 5 SYSTEMPATH\CodeIgniter.php(509): CodeIgniter\CodeIgniter->runController(Object(App\Controllers\Planes))
 6 SYSTEMPATH\CodeIgniter.php(355): CodeIgniter\CodeIgniter->handleRequest(null, Object(Config\Cache), false)
 7 SYSTEMPATH\Boot.php(325): CodeIgniter\CodeIgniter->run()
 8 SYSTEMPATH\Boot.php(67): CodeIgniter\Boot::runCodeIgniter(Object(CodeIgniter\CodeIgniter))
 9 FCPATH\index.php(56): CodeIgniter\Boot::bootWeb(Object(Config\Paths))
CRITICAL - 2024-07-17 17:12:14 --> ErrorException: Undefined variable $datos
[Method: GET, Route: ver_planes]
in APPPATH\Views\planes.php on line 41.
 1 APPPATH\Views\planes.php(41): CodeIgniter\Debug\Exceptions->errorHandler(2, 'Undefined variable $datos', 'C:\\xampp\\htdocs\\fs2024\\Ejercicios-Codelgniter\\ci4_telefonia\\app\\Views\\planes.php', 41)
 2 SYSTEMPATH\View\View.php(234): include('C:\\xampp\\htdocs\\fs2024\\Ejercicios-Codelgniter\\ci4_telefonia\\app\\Views\\planes.php')
 3 SYSTEMPATH\View\View.php(237): CodeIgniter\View\View->CodeIgniter\View\{closure}()
 4 SYSTEMPATH\Common.php(1171): CodeIgniter\View\View->render('planes', [], true)
 5 APPPATH\Controllers\Planes.php(14): view('planes')
 6 SYSTEMPATH\CodeIgniter.php(933): App\Controllers\Planes->index()
 7 SYSTEMPATH\CodeIgniter.php(509): CodeIgniter\CodeIgniter->runController(Object(App\Controllers\Planes))
 8 SYSTEMPATH\CodeIgniter.php(355): CodeIgniter\CodeIgniter->handleRequest(null, Object(Config\Cache), false)
 9 SYSTEMPATH\Boot.php(325): CodeIgniter\CodeIgniter->run()
10 SYSTEMPATH\Boot.php(67): CodeIgniter\Boot::runCodeIgniter(Object(CodeIgniter\CodeIgniter))
11 FCPATH\index.php(56): CodeIgniter\Boot::bootWeb(Object(Config\Paths))
CRITICAL - 2024-07-17 17:13:37 --> ParseError: Unmatched ')'
[Method: GET, Route: ver_lineas_Telefonicas]
in APPPATH\Views\lineas_telefonicas.php on line 45.
 1 SYSTEMPATH\View\View.php(237): CodeIgniter\View\View->CodeIgniter\View\{closure}()
 2 SYSTEMPATH\Common.php(1171): CodeIgniter\View\View->render('lineas_telefonicas', [], true)
 3 APPPATH\Controllers\LineasTelefonicas.php(16): view('lineas_telefonicas', [...])
 4 SYSTEMPATH\CodeIgniter.php(933): App\Controllers\LineasTelefonicas->index()
 5 SYSTEMPATH\CodeIgniter.php(509): CodeIgniter\CodeIgniter->runController(Object(App\Controllers\LineasTelefonicas))
 6 SYSTEMPATH\CodeIgniter.php(355): CodeIgniter\CodeIgniter->handleRequest(null, Object(Config\Cache), false)
 7 SYSTEMPATH\Boot.php(325): CodeIgniter\CodeIgniter->run()
 8 SYSTEMPATH\Boot.php(67): CodeIgniter\Boot::runCodeIgniter(Object(CodeIgniter\CodeIgniter))
 9 FCPATH\index.php(56): CodeIgniter\Boot::bootWeb(Object(Config\Paths))
