CRITICAL - 2024-07-23 13:51:49 --> ErrorException: Undefined variable $regiones
[Method: GET, Route: eliminar_Region/25]
in APPPATH\Controllers\RegionesController.php on line 32.
 1 APPPATH\Controllers\RegionesController.php(32): CodeIgniter\Debug\Exceptions->errorHandler(2, 'Undefined variable $regiones', 'C:\\xampp\\htdocs\\fs2024\\Ejercicios-Codelgniter\\ci4_ciudadanos\\app\\Controllers\\RegionesController.php', 32)
 2 SYSTEMPATH\CodeIgniter.php(933): App\Controllers\RegionesController->eliminarRegion('25')
 3 SYSTEMPATH\CodeIgniter.php(509): CodeIgniter\CodeIgniter->runController(Object(App\Controllers\RegionesController))
 4 SYSTEMPATH\CodeIgniter.php(355): CodeIgniter\CodeIgniter->handleRequest(null, Object(Config\Cache), false)
 5 SYSTEMPATH\Boot.php(325): CodeIgniter\CodeIgniter->run()
 6 SYSTEMPATH\Boot.php(67): CodeIgniter\Boot::runCodeIgniter(Object(CodeIgniter\CodeIgniter))
 7 FCPATH\index.php(56): CodeIgniter\Boot::bootWeb(Object(Config\Paths))
CRITICAL - 2024-07-23 13:52:28 --> TypeError: App\Controllers\RegionesController::eliminarRegion(): Return value must be of type string, CodeIgniter\HTTP\RedirectResponse returned
[Method: GET, Route: eliminar_Region/25]
in APPPATH\Controllers\RegionesController.php on line 33.
 1 SYSTEMPATH\CodeIgniter.php(933): App\Controllers\RegionesController->eliminarRegion('25')
 2 SYSTEMPATH\CodeIgniter.php(509): CodeIgniter\CodeIgniter->runController(Object(App\Controllers\RegionesController))
 3 SYSTEMPATH\CodeIgniter.php(355): CodeIgniter\CodeIgniter->handleRequest(null, Object(Config\Cache), false)
 4 SYSTEMPATH\Boot.php(325): CodeIgniter\CodeIgniter->run()
 5 SYSTEMPATH\Boot.php(67): CodeIgniter\Boot::runCodeIgniter(Object(CodeIgniter\CodeIgniter))
 6 FCPATH\index.php(56): CodeIgniter\Boot::bootWeb(Object(Config\Paths))
CRITICAL - 2024-07-23 13:53:56 --> TypeError: App\Controllers\RegionesController::eliminarRegion(): Return value must be of type string, CodeIgniter\HTTP\RedirectResponse returned
[Method: GET, Route: eliminar_Region/25]
in APPPATH\Controllers\RegionesController.php on line 33.
 1 SYSTEMPATH\CodeIgniter.php(933): App\Controllers\RegionesController->eliminarRegion('25')
 2 SYSTEMPATH\CodeIgniter.php(509): CodeIgniter\CodeIgniter->runController(Object(App\Controllers\RegionesController))
 3 SYSTEMPATH\CodeIgniter.php(355): CodeIgniter\CodeIgniter->handleRequest(null, Object(Config\Cache), false)
 4 SYSTEMPATH\Boot.php(325): CodeIgniter\CodeIgniter->run()
 5 SYSTEMPATH\Boot.php(67): CodeIgniter\Boot::runCodeIgniter(Object(CodeIgniter\CodeIgniter))
 6 FCPATH\index.php(56): CodeIgniter\Boot::bootWeb(Object(Config\Paths))
CRITICAL - 2024-07-23 13:55:14 --> TypeError: App\Controllers\CiudadanosController::eliminarCiudadano(): Return value must be of type string, CodeIgniter\HTTP\RedirectResponse returned
[Method: GET, Route: eliminar_ciudadano/1007928191909]
in APPPATH\Controllers\CiudadanosController.php on line 40.
 1 SYSTEMPATH\CodeIgniter.php(933): App\Controllers\CiudadanosController->eliminarCiudadano('1007928191909')
 2 SYSTEMPATH\CodeIgniter.php(509): CodeIgniter\CodeIgniter->runController(Object(App\Controllers\CiudadanosController))
 3 SYSTEMPATH\CodeIgniter.php(355): CodeIgniter\CodeIgniter->handleRequest(null, Object(Config\Cache), false)
 4 SYSTEMPATH\Boot.php(325): CodeIgniter\CodeIgniter->run()
 5 SYSTEMPATH\Boot.php(67): CodeIgniter\Boot::runCodeIgniter(Object(CodeIgniter\CodeIgniter))
 6 FCPATH\index.php(56): CodeIgniter\Boot::bootWeb(Object(Config\Paths))
CRITICAL - 2024-07-23 13:57:48 --> Error: Call to undefined method CodeIgniter\HTTP\RedirectResponse::return()
[Method: GET, Route: eliminar_municipios/98]
in APPPATH\Controllers\MunicipiosController.php on line 33.
 1 SYSTEMPATH\CodeIgniter.php(933): App\Controllers\MunicipiosController->eliminarMunicipio('98')
 2 SYSTEMPATH\CodeIgniter.php(509): CodeIgniter\CodeIgniter->runController(Object(App\Controllers\MunicipiosController))
 3 SYSTEMPATH\CodeIgniter.php(355): CodeIgniter\CodeIgniter->handleRequest(null, Object(Config\Cache), false)
 4 SYSTEMPATH\Boot.php(325): CodeIgniter\CodeIgniter->run()
 5 SYSTEMPATH\Boot.php(67): CodeIgniter\Boot::runCodeIgniter(Object(CodeIgniter\CodeIgniter))
 6 FCPATH\index.php(56): CodeIgniter\Boot::bootWeb(Object(Config\Paths))
CRITICAL - 2024-07-23 13:59:01 --> ParseError: syntax error, unexpected identifier "eliminarNivelAcademico", expecting variable
[Method: GET, Route: ver_nivelesacademicos]
in APPPATH\Controllers\NivelesAcademicosController.php on line 31.
 1 SYSTEMPATH\Autoloader\Autoloader.php(296): CodeIgniter\Autoloader\Autoloader->includeFile('C:\\xampp\\htdocs\\fs2024\\Ejercicios-Codelgniter\\ci4_ciudadanos\\app\\Controllers\\NivelesAcademicosController.php')
 2 SYSTEMPATH\Autoloader\Autoloader.php(272): CodeIgniter\Autoloader\Autoloader->loadInNamespace('App\\Controllers\\NivelesAcademicosController')
 3 [internal function]: CodeIgniter\Autoloader\Autoloader->loadClass('App\\Controllers\\NivelesAcademicosController')
 4 SYSTEMPATH\CodeIgniter.php(887): class_exists('\\App\\Controllers\\NivelesAcademicosController', true)
 5 SYSTEMPATH\CodeIgniter.php(496): CodeIgniter\CodeIgniter->startController()
 6 SYSTEMPATH\CodeIgniter.php(355): CodeIgniter\CodeIgniter->handleRequest(null, Object(Config\Cache), false)
 7 SYSTEMPATH\Boot.php(325): CodeIgniter\CodeIgniter->run()
 8 SYSTEMPATH\Boot.php(67): CodeIgniter\Boot::runCodeIgniter(Object(CodeIgniter\CodeIgniter))
 9 FCPATH\index.php(56): CodeIgniter\Boot::bootWeb(Object(Config\Paths))
CRITICAL - 2024-07-23 13:59:05 --> ParseError: syntax error, unexpected identifier "eliminarNivelAcademico", expecting variable
[Method: GET, Route: ver_nivelesacademicos]
in APPPATH\Controllers\NivelesAcademicosController.php on line 31.
 1 SYSTEMPATH\Autoloader\Autoloader.php(296): CodeIgniter\Autoloader\Autoloader->includeFile('C:\\xampp\\htdocs\\fs2024\\Ejercicios-Codelgniter\\ci4_ciudadanos\\app\\Controllers\\NivelesAcademicosController.php')
 2 SYSTEMPATH\Autoloader\Autoloader.php(272): CodeIgniter\Autoloader\Autoloader->loadInNamespace('App\\Controllers\\NivelesAcademicosController')
 3 [internal function]: CodeIgniter\Autoloader\Autoloader->loadClass('App\\Controllers\\NivelesAcademicosController')
 4 SYSTEMPATH\CodeIgniter.php(887): class_exists('\\App\\Controllers\\NivelesAcademicosController', true)
 5 SYSTEMPATH\CodeIgniter.php(496): CodeIgniter\CodeIgniter->startController()
 6 SYSTEMPATH\CodeIgniter.php(355): CodeIgniter\CodeIgniter->handleRequest(null, Object(Config\Cache), false)
 7 SYSTEMPATH\Boot.php(325): CodeIgniter\CodeIgniter->run()
 8 SYSTEMPATH\Boot.php(67): CodeIgniter\Boot::runCodeIgniter(Object(CodeIgniter\CodeIgniter))
 9 FCPATH\index.php(56): CodeIgniter\Boot::bootWeb(Object(Config\Paths))
CRITICAL - 2024-07-23 13:59:16 --> ParseError: syntax error, unexpected identifier "eliminarNivelAcademico", expecting variable
[Method: GET, Route: ver_nivelesacademicos]
in APPPATH\Controllers\NivelesAcademicosController.php on line 31.
 1 SYSTEMPATH\Autoloader\Autoloader.php(296): CodeIgniter\Autoloader\Autoloader->includeFile('C:\\xampp\\htdocs\\fs2024\\Ejercicios-Codelgniter\\ci4_ciudadanos\\app\\Controllers\\NivelesAcademicosController.php')
 2 SYSTEMPATH\Autoloader\Autoloader.php(272): CodeIgniter\Autoloader\Autoloader->loadInNamespace('App\\Controllers\\NivelesAcademicosController')
 3 [internal function]: CodeIgniter\Autoloader\Autoloader->loadClass('App\\Controllers\\NivelesAcademicosController')
 4 SYSTEMPATH\CodeIgniter.php(887): class_exists('\\App\\Controllers\\NivelesAcademicosController', true)
 5 SYSTEMPATH\CodeIgniter.php(496): CodeIgniter\CodeIgniter->startController()
 6 SYSTEMPATH\CodeIgniter.php(355): CodeIgniter\CodeIgniter->handleRequest(null, Object(Config\Cache), false)
 7 SYSTEMPATH\Boot.php(325): CodeIgniter\CodeIgniter->run()
 8 SYSTEMPATH\Boot.php(67): CodeIgniter\Boot::runCodeIgniter(Object(CodeIgniter\CodeIgniter))
 9 FCPATH\index.php(56): CodeIgniter\Boot::bootWeb(Object(Config\Paths))
CRITICAL - 2024-07-23 13:59:39 --> ParseError: syntax error, unexpected identifier "eliminarNivelAcademico", expecting variable
[Method: GET, Route: ver_nivelesacademicos]
in APPPATH\Controllers\NivelesAcademicosController.php on line 31.
 1 SYSTEMPATH\Autoloader\Autoloader.php(296): CodeIgniter\Autoloader\Autoloader->includeFile('C:\\xampp\\htdocs\\fs2024\\Ejercicios-Codelgniter\\ci4_ciudadanos\\app\\Controllers\\NivelesAcademicosController.php')
 2 SYSTEMPATH\Autoloader\Autoloader.php(272): CodeIgniter\Autoloader\Autoloader->loadInNamespace('App\\Controllers\\NivelesAcademicosController')
 3 [internal function]: CodeIgniter\Autoloader\Autoloader->loadClass('App\\Controllers\\NivelesAcademicosController')
 4 SYSTEMPATH\CodeIgniter.php(887): class_exists('\\App\\Controllers\\NivelesAcademicosController', true)
 5 SYSTEMPATH\CodeIgniter.php(496): CodeIgniter\CodeIgniter->startController()
 6 SYSTEMPATH\CodeIgniter.php(355): CodeIgniter\CodeIgniter->handleRequest(null, Object(Config\Cache), false)
 7 SYSTEMPATH\Boot.php(325): CodeIgniter\CodeIgniter->run()
 8 SYSTEMPATH\Boot.php(67): CodeIgniter\Boot::runCodeIgniter(Object(CodeIgniter\CodeIgniter))
 9 FCPATH\index.php(56): CodeIgniter\Boot::bootWeb(Object(Config\Paths))
CRITICAL - 2024-07-23 13:59:40 --> ParseError: syntax error, unexpected identifier "eliminarNivelAcademico", expecting variable
[Method: GET, Route: ver_nivelesacademicos]
in APPPATH\Controllers\NivelesAcademicosController.php on line 31.
 1 SYSTEMPATH\Autoloader\Autoloader.php(296): CodeIgniter\Autoloader\Autoloader->includeFile('C:\\xampp\\htdocs\\fs2024\\Ejercicios-Codelgniter\\ci4_ciudadanos\\app\\Controllers\\NivelesAcademicosController.php')
 2 SYSTEMPATH\Autoloader\Autoloader.php(272): CodeIgniter\Autoloader\Autoloader->loadInNamespace('App\\Controllers\\NivelesAcademicosController')
 3 [internal function]: CodeIgniter\Autoloader\Autoloader->loadClass('App\\Controllers\\NivelesAcademicosController')
 4 SYSTEMPATH\CodeIgniter.php(887): class_exists('\\App\\Controllers\\NivelesAcademicosController', true)
 5 SYSTEMPATH\CodeIgniter.php(496): CodeIgniter\CodeIgniter->startController()
 6 SYSTEMPATH\CodeIgniter.php(355): CodeIgniter\CodeIgniter->handleRequest(null, Object(Config\Cache), false)
 7 SYSTEMPATH\Boot.php(325): CodeIgniter\CodeIgniter->run()
 8 SYSTEMPATH\Boot.php(67): CodeIgniter\Boot::runCodeIgniter(Object(CodeIgniter\CodeIgniter))
 9 FCPATH\index.php(56): CodeIgniter\Boot::bootWeb(Object(Config\Paths))
