CRITICAL - 2024-07-22 14:29:04 --> ParseError: syntax error, unexpected identifier "agregarDepartamento", expecting variable
[Method: GET, Route: ver_departamentos]
in APPPATH\Controllers\DepartamentosController.php on line 16.
 1 SYSTEMPATH\Autoloader\Autoloader.php(296): CodeIgniter\Autoloader\Autoloader->includeFile('C:\\xampp\\htdocs\\fs2024\\Ejercicios-Codelgniter\\ci4_ciudadanos\\app\\Controllers\\DepartamentosController.php')
 2 SYSTEMPATH\Autoloader\Autoloader.php(272): CodeIgniter\Autoloader\Autoloader->loadInNamespace('App\\Controllers\\DepartamentosController')
 3 [internal function]: CodeIgniter\Autoloader\Autoloader->loadClass('App\\Controllers\\DepartamentosController')
 4 SYSTEMPATH\CodeIgniter.php(887): class_exists('\\App\\Controllers\\DepartamentosController', true)
 5 SYSTEMPATH\CodeIgniter.php(496): CodeIgniter\CodeIgniter->startController()
 6 SYSTEMPATH\CodeIgniter.php(355): CodeIgniter\CodeIgniter->handleRequest(null, Object(Config\Cache), false)
 7 SYSTEMPATH\Boot.php(325): CodeIgniter\CodeIgniter->run()
 8 SYSTEMPATH\Boot.php(67): CodeIgniter\Boot::runCodeIgniter(Object(CodeIgniter\CodeIgniter))
 9 FCPATH\index.php(56): CodeIgniter\Boot::bootWeb(Object(Config\Paths))
CRITICAL - 2024-07-22 14:29:39 --> ParseError: syntax error, unexpected identifier "agregarDepartamento", expecting variable
[Method: GET, Route: ver_departamentos]
in APPPATH\Controllers\DepartamentosController.php on line 16.
 1 SYSTEMPATH\Autoloader\Autoloader.php(296): CodeIgniter\Autoloader\Autoloader->includeFile('C:\\xampp\\htdocs\\fs2024\\Ejercicios-Codelgniter\\ci4_ciudadanos\\app\\Controllers\\DepartamentosController.php')
 2 SYSTEMPATH\Autoloader\Autoloader.php(272): CodeIgniter\Autoloader\Autoloader->loadInNamespace('App\\Controllers\\DepartamentosController')
 3 [internal function]: CodeIgniter\Autoloader\Autoloader->loadClass('App\\Controllers\\DepartamentosController')
 4 SYSTEMPATH\CodeIgniter.php(887): class_exists('\\App\\Controllers\\DepartamentosController', true)
 5 SYSTEMPATH\CodeIgniter.php(496): CodeIgniter\CodeIgniter->startController()
 6 SYSTEMPATH\CodeIgniter.php(355): CodeIgniter\CodeIgniter->handleRequest(null, Object(Config\Cache), false)
 7 SYSTEMPATH\Boot.php(325): CodeIgniter\CodeIgniter->run()
 8 SYSTEMPATH\Boot.php(67): CodeIgniter\Boot::runCodeIgniter(Object(CodeIgniter\CodeIgniter))
 9 FCPATH\index.php(56): CodeIgniter\Boot::bootWeb(Object(Config\Paths))
CRITICAL - 2024-07-22 14:29:50 --> ParseError: syntax error, unexpected identifier "nuevosDepartamentos", expecting variable
[Method: GET, Route: ver_departamentos]
in APPPATH\Controllers\DepartamentosController.php on line 26.
 1 SYSTEMPATH\Autoloader\Autoloader.php(296): CodeIgniter\Autoloader\Autoloader->includeFile('C:\\xampp\\htdocs\\fs2024\\Ejercicios-Codelgniter\\ci4_ciudadanos\\app\\Controllers\\DepartamentosController.php')
 2 SYSTEMPATH\Autoloader\Autoloader.php(272): CodeIgniter\Autoloader\Autoloader->loadInNamespace('App\\Controllers\\DepartamentosController')
 3 [internal function]: CodeIgniter\Autoloader\Autoloader->loadClass('App\\Controllers\\DepartamentosController')
 4 SYSTEMPATH\CodeIgniter.php(887): class_exists('\\App\\Controllers\\DepartamentosController', true)
 5 SYSTEMPATH\CodeIgniter.php(496): CodeIgniter\CodeIgniter->startController()
 6 SYSTEMPATH\CodeIgniter.php(355): CodeIgniter\CodeIgniter->handleRequest(null, Object(Config\Cache), false)
 7 SYSTEMPATH\Boot.php(325): CodeIgniter\CodeIgniter->run()
 8 SYSTEMPATH\Boot.php(67): CodeIgniter\Boot::runCodeIgniter(Object(CodeIgniter\CodeIgniter))
 9 FCPATH\index.php(56): CodeIgniter\Boot::bootWeb(Object(Config\Paths))
CRITICAL - 2024-07-22 14:31:27 --> CodeIgniter\View\Exceptions\ViewException: Invalid file: "agregarDepartamento.php"
[Method: GET, Route: crearDepartamento]
in SYSTEMPATH\Exceptions\FrameworkException.php on line 41.
 1 SYSTEMPATH\View\View.php(222): CodeIgniter\Exceptions\FrameworkException::forInvalidFile('agregarDepartamento.php')
 2 SYSTEMPATH\Common.php(1171): CodeIgniter\View\View->render('agregarDepartamento', [], true)
 3 APPPATH\Controllers\DepartamentosController.php(27): view('agregarDepartamento')
 4 SYSTEMPATH\CodeIgniter.php(933): App\Controllers\DepartamentosController->nuevosDepartamentos()
 5 SYSTEMPATH\CodeIgniter.php(509): CodeIgniter\CodeIgniter->runController(Object(App\Controllers\DepartamentosController))
 6 SYSTEMPATH\CodeIgniter.php(355): CodeIgniter\CodeIgniter->handleRequest(null, Object(Config\Cache), false)
 7 SYSTEMPATH\Boot.php(325): CodeIgniter\CodeIgniter->run()
 8 SYSTEMPATH\Boot.php(67): CodeIgniter\Boot::runCodeIgniter(Object(CodeIgniter\CodeIgniter))
 9 FCPATH\index.php(56): CodeIgniter\Boot::bootWeb(Object(Config\Paths))
CRITICAL - 2024-07-22 14:31:40 --> CodeIgniter\View\Exceptions\ViewException: Invalid file: "agregarDepartamento.php"
[Method: GET, Route: crearDepartamento]
in SYSTEMPATH\Exceptions\FrameworkException.php on line 41.
 1 SYSTEMPATH\View\View.php(222): CodeIgniter\Exceptions\FrameworkException::forInvalidFile('agregarDepartamento.php')
 2 SYSTEMPATH\Common.php(1171): CodeIgniter\View\View->render('agregarDepartamento', [], true)
 3 APPPATH\Controllers\DepartamentosController.php(27): view('agregarDepartamento')
 4 SYSTEMPATH\CodeIgniter.php(933): App\Controllers\DepartamentosController->nuevosDepartamentos()
 5 SYSTEMPATH\CodeIgniter.php(509): CodeIgniter\CodeIgniter->runController(Object(App\Controllers\DepartamentosController))
 6 SYSTEMPATH\CodeIgniter.php(355): CodeIgniter\CodeIgniter->handleRequest(null, Object(Config\Cache), false)
 7 SYSTEMPATH\Boot.php(325): CodeIgniter\CodeIgniter->run()
 8 SYSTEMPATH\Boot.php(67): CodeIgniter\Boot::runCodeIgniter(Object(CodeIgniter\CodeIgniter))
 9 FCPATH\index.php(56): CodeIgniter\Boot::bootWeb(Object(Config\Paths))
CRITICAL - 2024-07-22 14:32:25 --> CodeIgniter\View\Exceptions\ViewException: Invalid file: "agregarDepartamento.php"
[Method: GET, Route: crearDepartamento]
in SYSTEMPATH\Exceptions\FrameworkException.php on line 41.
 1 SYSTEMPATH\View\View.php(222): CodeIgniter\Exceptions\FrameworkException::forInvalidFile('agregarDepartamento.php')
 2 SYSTEMPATH\Common.php(1171): CodeIgniter\View\View->render('agregarDepartamento', [], true)
 3 APPPATH\Controllers\DepartamentosController.php(27): view('agregarDepartamento')
 4 SYSTEMPATH\CodeIgniter.php(933): App\Controllers\DepartamentosController->nuevosDepartamentos()
 5 SYSTEMPATH\CodeIgniter.php(509): CodeIgniter\CodeIgniter->runController(Object(App\Controllers\DepartamentosController))
 6 SYSTEMPATH\CodeIgniter.php(355): CodeIgniter\CodeIgniter->handleRequest(null, Object(Config\Cache), false)
 7 SYSTEMPATH\Boot.php(325): CodeIgniter\CodeIgniter->run()
 8 SYSTEMPATH\Boot.php(67): CodeIgniter\Boot::runCodeIgniter(Object(CodeIgniter\CodeIgniter))
 9 FCPATH\index.php(56): CodeIgniter\Boot::bootWeb(Object(Config\Paths))
CRITICAL - 2024-07-22 14:32:26 --> CodeIgniter\View\Exceptions\ViewException: Invalid file: "agregarDepartamento.php"
[Method: GET, Route: crearDepartamento]
in SYSTEMPATH\Exceptions\FrameworkException.php on line 41.
 1 SYSTEMPATH\View\View.php(222): CodeIgniter\Exceptions\FrameworkException::forInvalidFile('agregarDepartamento.php')
 2 SYSTEMPATH\Common.php(1171): CodeIgniter\View\View->render('agregarDepartamento', [], true)
 3 APPPATH\Controllers\DepartamentosController.php(27): view('agregarDepartamento')
 4 SYSTEMPATH\CodeIgniter.php(933): App\Controllers\DepartamentosController->nuevosDepartamentos()
 5 SYSTEMPATH\CodeIgniter.php(509): CodeIgniter\CodeIgniter->runController(Object(App\Controllers\DepartamentosController))
 6 SYSTEMPATH\CodeIgniter.php(355): CodeIgniter\CodeIgniter->handleRequest(null, Object(Config\Cache), false)
 7 SYSTEMPATH\Boot.php(325): CodeIgniter\CodeIgniter->run()
 8 SYSTEMPATH\Boot.php(67): CodeIgniter\Boot::runCodeIgniter(Object(CodeIgniter\CodeIgniter))
 9 FCPATH\index.php(56): CodeIgniter\Boot::bootWeb(Object(Config\Paths))
CRITICAL - 2024-07-22 14:32:29 --> CodeIgniter\View\Exceptions\ViewException: Invalid file: "agregarDepartamento.php"
[Method: GET, Route: crearDepartamento]
in SYSTEMPATH\Exceptions\FrameworkException.php on line 41.
 1 SYSTEMPATH\View\View.php(222): CodeIgniter\Exceptions\FrameworkException::forInvalidFile('agregarDepartamento.php')
 2 SYSTEMPATH\Common.php(1171): CodeIgniter\View\View->render('agregarDepartamento', [], true)
 3 APPPATH\Controllers\DepartamentosController.php(27): view('agregarDepartamento')
 4 SYSTEMPATH\CodeIgniter.php(933): App\Controllers\DepartamentosController->nuevosDepartamentos()
 5 SYSTEMPATH\CodeIgniter.php(509): CodeIgniter\CodeIgniter->runController(Object(App\Controllers\DepartamentosController))
 6 SYSTEMPATH\CodeIgniter.php(355): CodeIgniter\CodeIgniter->handleRequest(null, Object(Config\Cache), false)
 7 SYSTEMPATH\Boot.php(325): CodeIgniter\CodeIgniter->run()
 8 SYSTEMPATH\Boot.php(67): CodeIgniter\Boot::runCodeIgniter(Object(CodeIgniter\CodeIgniter))
 9 FCPATH\index.php(56): CodeIgniter\Boot::bootWeb(Object(Config\Paths))
CRITICAL - 2024-07-22 14:32:42 --> CodeIgniter\View\Exceptions\ViewException: Invalid file: "agregarDepartamento.php"
[Method: GET, Route: crearDepartamento]
in SYSTEMPATH\Exceptions\FrameworkException.php on line 41.
 1 SYSTEMPATH\View\View.php(222): CodeIgniter\Exceptions\FrameworkException::forInvalidFile('agregarDepartamento.php')
 2 SYSTEMPATH\Common.php(1171): CodeIgniter\View\View->render('agregarDepartamento', [], true)
 3 APPPATH\Controllers\DepartamentosController.php(27): view('agregarDepartamento')
 4 SYSTEMPATH\CodeIgniter.php(933): App\Controllers\DepartamentosController->nuevosDepartamentos()
 5 SYSTEMPATH\CodeIgniter.php(509): CodeIgniter\CodeIgniter->runController(Object(App\Controllers\DepartamentosController))
 6 SYSTEMPATH\CodeIgniter.php(355): CodeIgniter\CodeIgniter->handleRequest(null, Object(Config\Cache), false)
 7 SYSTEMPATH\Boot.php(325): CodeIgniter\CodeIgniter->run()
 8 SYSTEMPATH\Boot.php(67): CodeIgniter\Boot::runCodeIgniter(Object(CodeIgniter\CodeIgniter))
 9 FCPATH\index.php(56): CodeIgniter\Boot::bootWeb(Object(Config\Paths))
CRITICAL - 2024-07-22 14:32:56 --> CodeIgniter\View\Exceptions\ViewException: Invalid file: "agregarDepartamento.php"
[Method: GET, Route: crearDepartamento]
in SYSTEMPATH\Exceptions\FrameworkException.php on line 41.
 1 SYSTEMPATH\View\View.php(222): CodeIgniter\Exceptions\FrameworkException::forInvalidFile('agregarDepartamento.php')
 2 SYSTEMPATH\Common.php(1171): CodeIgniter\View\View->render('agregarDepartamento', [], true)
 3 APPPATH\Controllers\DepartamentosController.php(27): view('agregarDepartamento')
 4 SYSTEMPATH\CodeIgniter.php(933): App\Controllers\DepartamentosController->nuevosDepartamentos()
 5 SYSTEMPATH\CodeIgniter.php(509): CodeIgniter\CodeIgniter->runController(Object(App\Controllers\DepartamentosController))
 6 SYSTEMPATH\CodeIgniter.php(355): CodeIgniter\CodeIgniter->handleRequest(null, Object(Config\Cache), false)
 7 SYSTEMPATH\Boot.php(325): CodeIgniter\CodeIgniter->run()
 8 SYSTEMPATH\Boot.php(67): CodeIgniter\Boot::runCodeIgniter(Object(CodeIgniter\CodeIgniter))
 9 FCPATH\index.php(56): CodeIgniter\Boot::bootWeb(Object(Config\Paths))
CRITICAL - 2024-07-22 14:34:46 --> CodeIgniter\View\Exceptions\ViewException: Invalid file: "agregarDepartamento.php"
[Method: GET, Route: crearDepartamento]
in SYSTEMPATH\Exceptions\FrameworkException.php on line 41.
 1 SYSTEMPATH\View\View.php(222): CodeIgniter\Exceptions\FrameworkException::forInvalidFile('agregarDepartamento.php')
 2 SYSTEMPATH\Common.php(1171): CodeIgniter\View\View->render('agregarDepartamento', [], true)
 3 APPPATH\Controllers\DepartamentosController.php(27): view('agregarDepartamento')
 4 SYSTEMPATH\CodeIgniter.php(933): App\Controllers\DepartamentosController->nuevosDepartamentos()
 5 SYSTEMPATH\CodeIgniter.php(509): CodeIgniter\CodeIgniter->runController(Object(App\Controllers\DepartamentosController))
 6 SYSTEMPATH\CodeIgniter.php(355): CodeIgniter\CodeIgniter->handleRequest(null, Object(Config\Cache), false)
 7 SYSTEMPATH\Boot.php(325): CodeIgniter\CodeIgniter->run()
 8 SYSTEMPATH\Boot.php(67): CodeIgniter\Boot::runCodeIgniter(Object(CodeIgniter\CodeIgniter))
 9 FCPATH\index.php(56): CodeIgniter\Boot::bootWeb(Object(Config\Paths))
CRITICAL - 2024-07-22 14:34:46 --> CodeIgniter\View\Exceptions\ViewException: Invalid file: "agregarDepartamento.php"
[Method: GET, Route: crearDepartamento]
in SYSTEMPATH\Exceptions\FrameworkException.php on line 41.
 1 SYSTEMPATH\View\View.php(222): CodeIgniter\Exceptions\FrameworkException::forInvalidFile('agregarDepartamento.php')
 2 SYSTEMPATH\Common.php(1171): CodeIgniter\View\View->render('agregarDepartamento', [], true)
 3 APPPATH\Controllers\DepartamentosController.php(27): view('agregarDepartamento')
 4 SYSTEMPATH\CodeIgniter.php(933): App\Controllers\DepartamentosController->nuevosDepartamentos()
 5 SYSTEMPATH\CodeIgniter.php(509): CodeIgniter\CodeIgniter->runController(Object(App\Controllers\DepartamentosController))
 6 SYSTEMPATH\CodeIgniter.php(355): CodeIgniter\CodeIgniter->handleRequest(null, Object(Config\Cache), false)
 7 SYSTEMPATH\Boot.php(325): CodeIgniter\CodeIgniter->run()
 8 SYSTEMPATH\Boot.php(67): CodeIgniter\Boot::runCodeIgniter(Object(CodeIgniter\CodeIgniter))
 9 FCPATH\index.php(56): CodeIgniter\Boot::bootWeb(Object(Config\Paths))
CRITICAL - 2024-07-22 14:35:31 --> CodeIgniter\View\Exceptions\ViewException: Invalid file: "agregarDepartamento.php"
[Method: GET, Route: crearDepartamento]
in SYSTEMPATH\Exceptions\FrameworkException.php on line 41.
 1 SYSTEMPATH\View\View.php(222): CodeIgniter\Exceptions\FrameworkException::forInvalidFile('agregarDepartamento.php')
 2 SYSTEMPATH\Common.php(1171): CodeIgniter\View\View->render('agregarDepartamento', [], true)
 3 APPPATH\Controllers\DepartamentosController.php(30): view('agregarDepartamento')
 4 SYSTEMPATH\CodeIgniter.php(933): App\Controllers\DepartamentosController->nuevosDepartamentos()
 5 SYSTEMPATH\CodeIgniter.php(509): CodeIgniter\CodeIgniter->runController(Object(App\Controllers\DepartamentosController))
 6 SYSTEMPATH\CodeIgniter.php(355): CodeIgniter\CodeIgniter->handleRequest(null, Object(Config\Cache), false)
 7 SYSTEMPATH\Boot.php(325): CodeIgniter\CodeIgniter->run()
 8 SYSTEMPATH\Boot.php(67): CodeIgniter\Boot::runCodeIgniter(Object(CodeIgniter\CodeIgniter))
 9 FCPATH\index.php(56): CodeIgniter\Boot::bootWeb(Object(Config\Paths))
CRITICAL - 2024-07-22 14:35:35 --> CodeIgniter\View\Exceptions\ViewException: Invalid file: "agregarDepartamento.php"
[Method: GET, Route: crearDepartamento]
in SYSTEMPATH\Exceptions\FrameworkException.php on line 41.
 1 SYSTEMPATH\View\View.php(222): CodeIgniter\Exceptions\FrameworkException::forInvalidFile('agregarDepartamento.php')
 2 SYSTEMPATH\Common.php(1171): CodeIgniter\View\View->render('agregarDepartamento', [], true)
 3 APPPATH\Controllers\DepartamentosController.php(27): view('agregarDepartamento')
 4 SYSTEMPATH\CodeIgniter.php(933): App\Controllers\DepartamentosController->nuevosDepartamentos()
 5 SYSTEMPATH\CodeIgniter.php(509): CodeIgniter\CodeIgniter->runController(Object(App\Controllers\DepartamentosController))
 6 SYSTEMPATH\CodeIgniter.php(355): CodeIgniter\CodeIgniter->handleRequest(null, Object(Config\Cache), false)
 7 SYSTEMPATH\Boot.php(325): CodeIgniter\CodeIgniter->run()
 8 SYSTEMPATH\Boot.php(67): CodeIgniter\Boot::runCodeIgniter(Object(CodeIgniter\CodeIgniter))
 9 FCPATH\index.php(56): CodeIgniter\Boot::bootWeb(Object(Config\Paths))
CRITICAL - 2024-07-22 14:37:03 --> CodeIgniter\View\Exceptions\ViewException: Invalid file: "agregarDepartamento.php"
[Method: GET, Route: crearDepartamento]
in SYSTEMPATH\Exceptions\FrameworkException.php on line 41.
 1 SYSTEMPATH\View\View.php(222): CodeIgniter\Exceptions\FrameworkException::forInvalidFile('agregarDepartamento.php')
 2 SYSTEMPATH\Common.php(1171): CodeIgniter\View\View->render('agregarDepartamento', [], true)
 3 APPPATH\Controllers\DepartamentosController.php(27): view('agregarDepartamento')
 4 SYSTEMPATH\CodeIgniter.php(933): App\Controllers\DepartamentosController->nuevosDepartamentos()
 5 SYSTEMPATH\CodeIgniter.php(509): CodeIgniter\CodeIgniter->runController(Object(App\Controllers\DepartamentosController))
 6 SYSTEMPATH\CodeIgniter.php(355): CodeIgniter\CodeIgniter->handleRequest(null, Object(Config\Cache), false)
 7 SYSTEMPATH\Boot.php(325): CodeIgniter\CodeIgniter->run()
 8 SYSTEMPATH\Boot.php(67): CodeIgniter\Boot::runCodeIgniter(Object(CodeIgniter\CodeIgniter))
 9 FCPATH\index.php(56): CodeIgniter\Boot::bootWeb(Object(Config\Paths))
CRITICAL - 2024-07-22 14:37:07 --> CodeIgniter\View\Exceptions\ViewException: Invalid file: "agregarDepartamento.php"
[Method: GET, Route: crearDepartamento]
in SYSTEMPATH\Exceptions\FrameworkException.php on line 41.
 1 SYSTEMPATH\View\View.php(222): CodeIgniter\Exceptions\FrameworkException::forInvalidFile('agregarDepartamento.php')
 2 SYSTEMPATH\Common.php(1171): CodeIgniter\View\View->render('agregarDepartamento', [], true)
 3 APPPATH\Controllers\DepartamentosController.php(27): view('agregarDepartamento')
 4 SYSTEMPATH\CodeIgniter.php(933): App\Controllers\DepartamentosController->nuevosDepartamentos()
 5 SYSTEMPATH\CodeIgniter.php(509): CodeIgniter\CodeIgniter->runController(Object(App\Controllers\DepartamentosController))
 6 SYSTEMPATH\CodeIgniter.php(355): CodeIgniter\CodeIgniter->handleRequest(null, Object(Config\Cache), false)
 7 SYSTEMPATH\Boot.php(325): CodeIgniter\CodeIgniter->run()
 8 SYSTEMPATH\Boot.php(67): CodeIgniter\Boot::runCodeIgniter(Object(CodeIgniter\CodeIgniter))
 9 FCPATH\index.php(56): CodeIgniter\Boot::bootWeb(Object(Config\Paths))
CRITICAL - 2024-07-22 14:37:46 --> CodeIgniter\View\Exceptions\ViewException: Invalid file: "agregarDepartamento.php"
[Method: GET, Route: crearDepartamento]
in SYSTEMPATH\Exceptions\FrameworkException.php on line 41.
 1 SYSTEMPATH\View\View.php(222): CodeIgniter\Exceptions\FrameworkException::forInvalidFile('agregarDepartamento.php')
 2 SYSTEMPATH\Common.php(1171): CodeIgniter\View\View->render('agregarDepartamento', [], true)
 3 APPPATH\Controllers\DepartamentosController.php(27): view('agregarDepartamento')
 4 SYSTEMPATH\CodeIgniter.php(933): App\Controllers\DepartamentosController->nuevosDepartamentos()
 5 SYSTEMPATH\CodeIgniter.php(509): CodeIgniter\CodeIgniter->runController(Object(App\Controllers\DepartamentosController))
 6 SYSTEMPATH\CodeIgniter.php(355): CodeIgniter\CodeIgniter->handleRequest(null, Object(Config\Cache), false)
 7 SYSTEMPATH\Boot.php(325): CodeIgniter\CodeIgniter->run()
 8 SYSTEMPATH\Boot.php(67): CodeIgniter\Boot::runCodeIgniter(Object(CodeIgniter\CodeIgniter))
 9 FCPATH\index.php(56): CodeIgniter\Boot::bootWeb(Object(Config\Paths))
CRITICAL - 2024-07-22 14:38:45 --> CodeIgniter\View\Exceptions\ViewException: Invalid file: "agregarDepartamento.php"
[Method: GET, Route: crearDepartamento]
in SYSTEMPATH\Exceptions\FrameworkException.php on line 41.
 1 SYSTEMPATH\View\View.php(222): CodeIgniter\Exceptions\FrameworkException::forInvalidFile('agregarDepartamento.php')
 2 SYSTEMPATH\Common.php(1171): CodeIgniter\View\View->render('agregarDepartamento', [], true)
 3 APPPATH\Controllers\DepartamentosController.php(27): view('agregarDepartamento')
 4 SYSTEMPATH\CodeIgniter.php(933): App\Controllers\DepartamentosController->nuevosDepartamentos()
 5 SYSTEMPATH\CodeIgniter.php(509): CodeIgniter\CodeIgniter->runController(Object(App\Controllers\DepartamentosController))
 6 SYSTEMPATH\CodeIgniter.php(355): CodeIgniter\CodeIgniter->handleRequest(null, Object(Config\Cache), false)
 7 SYSTEMPATH\Boot.php(325): CodeIgniter\CodeIgniter->run()
 8 SYSTEMPATH\Boot.php(67): CodeIgniter\Boot::runCodeIgniter(Object(CodeIgniter\CodeIgniter))
 9 FCPATH\index.php(56): CodeIgniter\Boot::bootWeb(Object(Config\Paths))
CRITICAL - 2024-07-22 14:39:04 --> CodeIgniter\View\Exceptions\ViewException: Invalid file: "agregarDepartamento.php"
[Method: GET, Route: crearDepartamento]
in SYSTEMPATH\Exceptions\FrameworkException.php on line 41.
 1 SYSTEMPATH\View\View.php(222): CodeIgniter\Exceptions\FrameworkException::forInvalidFile('agregarDepartamento.php')
 2 SYSTEMPATH\Common.php(1171): CodeIgniter\View\View->render('agregarDepartamento', [], true)
 3 APPPATH\Controllers\DepartamentosController.php(27): view('agregarDepartamento')
 4 SYSTEMPATH\CodeIgniter.php(933): App\Controllers\DepartamentosController->nuevosDepartamentos()
 5 SYSTEMPATH\CodeIgniter.php(509): CodeIgniter\CodeIgniter->runController(Object(App\Controllers\DepartamentosController))
 6 SYSTEMPATH\CodeIgniter.php(355): CodeIgniter\CodeIgniter->handleRequest(null, Object(Config\Cache), false)
 7 SYSTEMPATH\Boot.php(325): CodeIgniter\CodeIgniter->run()
 8 SYSTEMPATH\Boot.php(67): CodeIgniter\Boot::runCodeIgniter(Object(CodeIgniter\CodeIgniter))
 9 FCPATH\index.php(56): CodeIgniter\Boot::bootWeb(Object(Config\Paths))
CRITICAL - 2024-07-22 14:39:05 --> CodeIgniter\View\Exceptions\ViewException: Invalid file: "agregarDepartamento.php"
[Method: GET, Route: crearDepartamento]
in SYSTEMPATH\Exceptions\FrameworkException.php on line 41.
 1 SYSTEMPATH\View\View.php(222): CodeIgniter\Exceptions\FrameworkException::forInvalidFile('agregarDepartamento.php')
 2 SYSTEMPATH\Common.php(1171): CodeIgniter\View\View->render('agregarDepartamento', [], true)
 3 APPPATH\Controllers\DepartamentosController.php(27): view('agregarDepartamento')
 4 SYSTEMPATH\CodeIgniter.php(933): App\Controllers\DepartamentosController->nuevosDepartamentos()
 5 SYSTEMPATH\CodeIgniter.php(509): CodeIgniter\CodeIgniter->runController(Object(App\Controllers\DepartamentosController))
 6 SYSTEMPATH\CodeIgniter.php(355): CodeIgniter\CodeIgniter->handleRequest(null, Object(Config\Cache), false)
 7 SYSTEMPATH\Boot.php(325): CodeIgniter\CodeIgniter->run()
 8 SYSTEMPATH\Boot.php(67): CodeIgniter\Boot::runCodeIgniter(Object(CodeIgniter\CodeIgniter))
 9 FCPATH\index.php(56): CodeIgniter\Boot::bootWeb(Object(Config\Paths))
CRITICAL - 2024-07-22 14:39:20 --> CodeIgniter\View\Exceptions\ViewException: Invalid file: "agregarDepartamento.php"
[Method: GET, Route: crearDepartamento]
in SYSTEMPATH\Exceptions\FrameworkException.php on line 41.
 1 SYSTEMPATH\View\View.php(222): CodeIgniter\Exceptions\FrameworkException::forInvalidFile('agregarDepartamento.php')
 2 SYSTEMPATH\Common.php(1171): CodeIgniter\View\View->render('agregarDepartamento', [], true)
 3 APPPATH\Controllers\DepartamentosController.php(27): view('agregarDepartamento')
 4 SYSTEMPATH\CodeIgniter.php(933): App\Controllers\DepartamentosController->nuevosDepartamentos()
 5 SYSTEMPATH\CodeIgniter.php(509): CodeIgniter\CodeIgniter->runController(Object(App\Controllers\DepartamentosController))
 6 SYSTEMPATH\CodeIgniter.php(355): CodeIgniter\CodeIgniter->handleRequest(null, Object(Config\Cache), false)
 7 SYSTEMPATH\Boot.php(325): CodeIgniter\CodeIgniter->run()
 8 SYSTEMPATH\Boot.php(67): CodeIgniter\Boot::runCodeIgniter(Object(CodeIgniter\CodeIgniter))
 9 FCPATH\index.php(56): CodeIgniter\Boot::bootWeb(Object(Config\Paths))
CRITICAL - 2024-07-22 14:41:55 --> Error: Class "App\Controllers\DepartamentoModel" not found
[Method: POST, Route: crearDepartamento]
in APPPATH\Controllers\DepartamentosController.php on line 22.
 1 SYSTEMPATH\CodeIgniter.php(933): App\Controllers\DepartamentosController->agregarDepartamentos()
 2 SYSTEMPATH\CodeIgniter.php(509): CodeIgniter\CodeIgniter->runController(Object(App\Controllers\DepartamentosController))
 3 SYSTEMPATH\CodeIgniter.php(355): CodeIgniter\CodeIgniter->handleRequest(null, Object(Config\Cache), false)
 4 SYSTEMPATH\Boot.php(325): CodeIgniter\CodeIgniter->run()
 5 SYSTEMPATH\Boot.php(67): CodeIgniter\Boot::runCodeIgniter(Object(CodeIgniter\CodeIgniter))
 6 FCPATH\index.php(56): CodeIgniter\Boot::bootWeb(Object(Config\Paths))
ERROR - 2024-07-22 14:42:55 --> mysqli_sql_exception: Cannot add or update a child row: a foreign key constraint fails (`fs2024_dml`.`departamentos`, CONSTRAINT `departamentos_ibfk_1` FOREIGN KEY (`cod_region`) REFERENCES `regiones` (`cod_region`) ON DELETE CASCADE ON UPDATE CASCADE) in C:\xampp\htdocs\fs2024\Ejercicios-Codelgniter\ci4_ciudadanos\system\Database\MySQLi\Connection.php:312
Stack trace:
#0 C:\xampp\htdocs\fs2024\Ejercicios-Codelgniter\ci4_ciudadanos\system\Database\MySQLi\Connection.php(312): mysqli->query('INSERT INTO `de...', 0)
#1 C:\xampp\htdocs\fs2024\Ejercicios-Codelgniter\ci4_ciudadanos\system\Database\BaseConnection.php(734): CodeIgniter\Database\MySQLi\Connection->execute('INSERT INTO `de...')
#2 C:\xampp\htdocs\fs2024\Ejercicios-Codelgniter\ci4_ciudadanos\system\Database\BaseConnection.php(648): CodeIgniter\Database\BaseConnection->simpleQuery('INSERT INTO `de...')
#3 C:\xampp\htdocs\fs2024\Ejercicios-Codelgniter\ci4_ciudadanos\system\Database\BaseBuilder.php(2332): CodeIgniter\Database\BaseConnection->query('INSERT INTO `de...', Array, false)
#4 C:\xampp\htdocs\fs2024\Ejercicios-Codelgniter\ci4_ciudadanos\system\Model.php(394): CodeIgniter\Database\BaseBuilder->insert()
#5 C:\xampp\htdocs\fs2024\Ejercicios-Codelgniter\ci4_ciudadanos\system\BaseModel.php(840): CodeIgniter\Model->doInsert(Array)
#6 C:\xampp\htdocs\fs2024\Ejercicios-Codelgniter\ci4_ciudadanos\system\Model.php(802): CodeIgniter\BaseModel->insert(Array, true)
#7 C:\xampp\htdocs\fs2024\Ejercicios-Codelgniter\ci4_ciudadanos\app\Controllers\DepartamentosController.php(23): CodeIgniter\Model->insert(Array)
#8 C:\xampp\htdocs\fs2024\Ejercicios-Codelgniter\ci4_ciudadanos\system\CodeIgniter.php(933): App\Controllers\DepartamentosController->agregarDepartamentos()
#9 C:\xampp\htdocs\fs2024\Ejercicios-Codelgniter\ci4_ciudadanos\system\CodeIgniter.php(509): CodeIgniter\CodeIgniter->runController(Object(App\Controllers\DepartamentosController))
#10 C:\xampp\htdocs\fs2024\Ejercicios-Codelgniter\ci4_ciudadanos\system\CodeIgniter.php(355): CodeIgniter\CodeIgniter->handleRequest(NULL, Object(Config\Cache), false)
#11 C:\xampp\htdocs\fs2024\Ejercicios-Codelgniter\ci4_ciudadanos\system\Boot.php(325): CodeIgniter\CodeIgniter->run()
#12 C:\xampp\htdocs\fs2024\Ejercicios-Codelgniter\ci4_ciudadanos\system\Boot.php(67): CodeIgniter\Boot::runCodeIgniter(Object(CodeIgniter\CodeIgniter))
#13 C:\xampp\htdocs\fs2024\Ejercicios-Codelgniter\ci4_ciudadanos\public\index.php(56): CodeIgniter\Boot::bootWeb(Object(Config\Paths))
#14 {main}
CRITICAL - 2024-07-22 14:42:55 --> CodeIgniter\Database\Exceptions\DatabaseException: Cannot add or update a child row: a foreign key constraint fails (`fs2024_dml`.`departamentos`, CONSTRAINT `departamentos_ibfk_1` FOREIGN KEY (`cod_region`) REFERENCES `regiones` (`cod_region`) ON DELETE CASCADE ON UPDATE CASCADE)
[Method: POST, Route: crearDepartamento]
in SYSTEMPATH\Database\BaseConnection.php on line 688.
 1 SYSTEMPATH\Database\BaseBuilder.php(2332): CodeIgniter\Database\BaseConnection->query('INSERT INTO `departamentos` (`cod_depto`, `nombre_depto`, `cod_region`) VALUES (:cod_depto:, :nombre_depto:, :cod_region:)', [...], false)
 2 SYSTEMPATH\Model.php(394): CodeIgniter\Database\BaseBuilder->insert()
 3 SYSTEMPATH\BaseModel.php(840): CodeIgniter\Model->doInsert([...])
 4 SYSTEMPATH\Model.php(802): CodeIgniter\BaseModel->insert([...], true)
 5 APPPATH\Controllers\DepartamentosController.php(23): CodeIgniter\Model->insert([...])
 6 SYSTEMPATH\CodeIgniter.php(933): App\Controllers\DepartamentosController->agregarDepartamentos()
 7 SYSTEMPATH\CodeIgniter.php(509): CodeIgniter\CodeIgniter->runController(Object(App\Controllers\DepartamentosController))
 8 SYSTEMPATH\CodeIgniter.php(355): CodeIgniter\CodeIgniter->handleRequest(null, Object(Config\Cache), false)
 9 SYSTEMPATH\Boot.php(325): CodeIgniter\CodeIgniter->run()
10 SYSTEMPATH\Boot.php(67): CodeIgniter\Boot::runCodeIgniter(Object(CodeIgniter\CodeIgniter))
11 FCPATH\index.php(56): CodeIgniter\Boot::bootWeb(Object(Config\Paths))
CRITICAL - 2024-07-22 14:42:55 --> [Caused by] CodeIgniter\Database\Exceptions\DatabaseException: Cannot add or update a child row: a foreign key constraint fails (`fs2024_dml`.`departamentos`, CONSTRAINT `departamentos_ibfk_1` FOREIGN KEY (`cod_region`) REFERENCES `regiones` (`cod_region`) ON DELETE CASCADE ON UPDATE CASCADE)
in SYSTEMPATH\Database\MySQLi\Connection.php on line 317.
 1 SYSTEMPATH\Database\BaseConnection.php(734): CodeIgniter\Database\MySQLi\Connection->execute('INSERT INTO `departamentos` (`cod_depto`, `nombre_depto`, `cod_region`) VALUES (\'25\', \'prueba 1\', \'123\')')
 2 SYSTEMPATH\Database\BaseConnection.php(648): CodeIgniter\Database\BaseConnection->simpleQuery('INSERT INTO `departamentos` (`cod_depto`, `nombre_depto`, `cod_region`) VALUES (\'25\', \'prueba 1\', \'123\')')
 3 SYSTEMPATH\Database\BaseBuilder.php(2332): CodeIgniter\Database\BaseConnection->query('INSERT INTO `departamentos` (`cod_depto`, `nombre_depto`, `cod_region`) VALUES (:cod_depto:, :nombre_depto:, :cod_region:)', [...], false)
 4 SYSTEMPATH\Model.php(394): CodeIgniter\Database\BaseBuilder->insert()
 5 SYSTEMPATH\BaseModel.php(840): CodeIgniter\Model->doInsert([...])
 6 SYSTEMPATH\Model.php(802): CodeIgniter\BaseModel->insert([...], true)
 7 APPPATH\Controllers\DepartamentosController.php(23): CodeIgniter\Model->insert([...])
 8 SYSTEMPATH\CodeIgniter.php(933): App\Controllers\DepartamentosController->agregarDepartamentos()
 9 SYSTEMPATH\CodeIgniter.php(509): CodeIgniter\CodeIgniter->runController(Object(App\Controllers\DepartamentosController))
10 SYSTEMPATH\CodeIgniter.php(355): CodeIgniter\CodeIgniter->handleRequest(null, Object(Config\Cache), false)
11 SYSTEMPATH\Boot.php(325): CodeIgniter\CodeIgniter->run()
12 SYSTEMPATH\Boot.php(67): CodeIgniter\Boot::runCodeIgniter(Object(CodeIgniter\CodeIgniter))
13 FCPATH\index.php(56): CodeIgniter\Boot::bootWeb(Object(Config\Paths))
CRITICAL - 2024-07-22 14:42:55 --> [Caused by] mysqli_sql_exception: Cannot add or update a child row: a foreign key constraint fails (`fs2024_dml`.`departamentos`, CONSTRAINT `departamentos_ibfk_1` FOREIGN KEY (`cod_region`) REFERENCES `regiones` (`cod_region`) ON DELETE CASCADE ON UPDATE CASCADE)
in SYSTEMPATH\Database\MySQLi\Connection.php on line 312.
 1 SYSTEMPATH\Database\MySQLi\Connection.php(312): mysqli->query('INSERT INTO `departamentos` (`cod_depto`, `nombre_depto`, `cod_region`) VALUES (\'25\', \'prueba 1\', \'123\')', 0)
 2 SYSTEMPATH\Database\BaseConnection.php(734): CodeIgniter\Database\MySQLi\Connection->execute('INSERT INTO `departamentos` (`cod_depto`, `nombre_depto`, `cod_region`) VALUES (\'25\', \'prueba 1\', \'123\')')
 3 SYSTEMPATH\Database\BaseConnection.php(648): CodeIgniter\Database\BaseConnection->simpleQuery('INSERT INTO `departamentos` (`cod_depto`, `nombre_depto`, `cod_region`) VALUES (\'25\', \'prueba 1\', \'123\')')
 4 SYSTEMPATH\Database\BaseBuilder.php(2332): CodeIgniter\Database\BaseConnection->query('INSERT INTO `departamentos` (`cod_depto`, `nombre_depto`, `cod_region`) VALUES (:cod_depto:, :nombre_depto:, :cod_region:)', [...], false)
 5 SYSTEMPATH\Model.php(394): CodeIgniter\Database\BaseBuilder->insert()
 6 SYSTEMPATH\BaseModel.php(840): CodeIgniter\Model->doInsert([...])
 7 SYSTEMPATH\Model.php(802): CodeIgniter\BaseModel->insert([...], true)
 8 APPPATH\Controllers\DepartamentosController.php(23): CodeIgniter\Model->insert([...])
 9 SYSTEMPATH\CodeIgniter.php(933): App\Controllers\DepartamentosController->agregarDepartamentos()
10 SYSTEMPATH\CodeIgniter.php(509): CodeIgniter\CodeIgniter->runController(Object(App\Controllers\DepartamentosController))
11 SYSTEMPATH\CodeIgniter.php(355): CodeIgniter\CodeIgniter->handleRequest(null, Object(Config\Cache), false)
12 SYSTEMPATH\Boot.php(325): CodeIgniter\CodeIgniter->run()
13 SYSTEMPATH\Boot.php(67): CodeIgniter\Boot::runCodeIgniter(Object(CodeIgniter\CodeIgniter))
14 FCPATH\index.php(56): CodeIgniter\Boot::bootWeb(Object(Config\Paths))
ERROR - 2024-07-22 14:43:24 --> mysqli_sql_exception: Cannot add or update a child row: a foreign key constraint fails (`fs2024_dml`.`departamentos`, CONSTRAINT `departamentos_ibfk_1` FOREIGN KEY (`cod_region`) REFERENCES `regiones` (`cod_region`) ON DELETE CASCADE ON UPDATE CASCADE) in C:\xampp\htdocs\fs2024\Ejercicios-Codelgniter\ci4_ciudadanos\system\Database\MySQLi\Connection.php:312
Stack trace:
#0 C:\xampp\htdocs\fs2024\Ejercicios-Codelgniter\ci4_ciudadanos\system\Database\MySQLi\Connection.php(312): mysqli->query('INSERT INTO `de...', 0)
#1 C:\xampp\htdocs\fs2024\Ejercicios-Codelgniter\ci4_ciudadanos\system\Database\BaseConnection.php(734): CodeIgniter\Database\MySQLi\Connection->execute('INSERT INTO `de...')
#2 C:\xampp\htdocs\fs2024\Ejercicios-Codelgniter\ci4_ciudadanos\system\Database\BaseConnection.php(648): CodeIgniter\Database\BaseConnection->simpleQuery('INSERT INTO `de...')
#3 C:\xampp\htdocs\fs2024\Ejercicios-Codelgniter\ci4_ciudadanos\system\Database\BaseBuilder.php(2332): CodeIgniter\Database\BaseConnection->query('INSERT INTO `de...', Array, false)
#4 C:\xampp\htdocs\fs2024\Ejercicios-Codelgniter\ci4_ciudadanos\system\Model.php(394): CodeIgniter\Database\BaseBuilder->insert()
#5 C:\xampp\htdocs\fs2024\Ejercicios-Codelgniter\ci4_ciudadanos\system\BaseModel.php(840): CodeIgniter\Model->doInsert(Array)
#6 C:\xampp\htdocs\fs2024\Ejercicios-Codelgniter\ci4_ciudadanos\system\Model.php(802): CodeIgniter\BaseModel->insert(Array, true)
#7 C:\xampp\htdocs\fs2024\Ejercicios-Codelgniter\ci4_ciudadanos\app\Controllers\DepartamentosController.php(23): CodeIgniter\Model->insert(Array)
#8 C:\xampp\htdocs\fs2024\Ejercicios-Codelgniter\ci4_ciudadanos\system\CodeIgniter.php(933): App\Controllers\DepartamentosController->agregarDepartamentos()
#9 C:\xampp\htdocs\fs2024\Ejercicios-Codelgniter\ci4_ciudadanos\system\CodeIgniter.php(509): CodeIgniter\CodeIgniter->runController(Object(App\Controllers\DepartamentosController))
#10 C:\xampp\htdocs\fs2024\Ejercicios-Codelgniter\ci4_ciudadanos\system\CodeIgniter.php(355): CodeIgniter\CodeIgniter->handleRequest(NULL, Object(Config\Cache), false)
#11 C:\xampp\htdocs\fs2024\Ejercicios-Codelgniter\ci4_ciudadanos\system\Boot.php(325): CodeIgniter\CodeIgniter->run()
#12 C:\xampp\htdocs\fs2024\Ejercicios-Codelgniter\ci4_ciudadanos\system\Boot.php(67): CodeIgniter\Boot::runCodeIgniter(Object(CodeIgniter\CodeIgniter))
#13 C:\xampp\htdocs\fs2024\Ejercicios-Codelgniter\ci4_ciudadanos\public\index.php(56): CodeIgniter\Boot::bootWeb(Object(Config\Paths))
#14 {main}
CRITICAL - 2024-07-22 14:43:24 --> CodeIgniter\Database\Exceptions\DatabaseException: Cannot add or update a child row: a foreign key constraint fails (`fs2024_dml`.`departamentos`, CONSTRAINT `departamentos_ibfk_1` FOREIGN KEY (`cod_region`) REFERENCES `regiones` (`cod_region`) ON DELETE CASCADE ON UPDATE CASCADE)
[Method: POST, Route: crearDepartamento]
in SYSTEMPATH\Database\BaseConnection.php on line 688.
 1 SYSTEMPATH\Database\BaseBuilder.php(2332): CodeIgniter\Database\BaseConnection->query('INSERT INTO `departamentos` (`cod_depto`, `nombre_depto`, `cod_region`) VALUES (:cod_depto:, :nombre_depto:, :cod_region:)', [...], false)
 2 SYSTEMPATH\Model.php(394): CodeIgniter\Database\BaseBuilder->insert()
 3 SYSTEMPATH\BaseModel.php(840): CodeIgniter\Model->doInsert([...])
 4 SYSTEMPATH\Model.php(802): CodeIgniter\BaseModel->insert([...], true)
 5 APPPATH\Controllers\DepartamentosController.php(23): CodeIgniter\Model->insert([...])
 6 SYSTEMPATH\CodeIgniter.php(933): App\Controllers\DepartamentosController->agregarDepartamentos()
 7 SYSTEMPATH\CodeIgniter.php(509): CodeIgniter\CodeIgniter->runController(Object(App\Controllers\DepartamentosController))
 8 SYSTEMPATH\CodeIgniter.php(355): CodeIgniter\CodeIgniter->handleRequest(null, Object(Config\Cache), false)
 9 SYSTEMPATH\Boot.php(325): CodeIgniter\CodeIgniter->run()
10 SYSTEMPATH\Boot.php(67): CodeIgniter\Boot::runCodeIgniter(Object(CodeIgniter\CodeIgniter))
11 FCPATH\index.php(56): CodeIgniter\Boot::bootWeb(Object(Config\Paths))
CRITICAL - 2024-07-22 14:43:24 --> [Caused by] CodeIgniter\Database\Exceptions\DatabaseException: Cannot add or update a child row: a foreign key constraint fails (`fs2024_dml`.`departamentos`, CONSTRAINT `departamentos_ibfk_1` FOREIGN KEY (`cod_region`) REFERENCES `regiones` (`cod_region`) ON DELETE CASCADE ON UPDATE CASCADE)
in SYSTEMPATH\Database\MySQLi\Connection.php on line 317.
 1 SYSTEMPATH\Database\BaseConnection.php(734): CodeIgniter\Database\MySQLi\Connection->execute('INSERT INTO `departamentos` (`cod_depto`, `nombre_depto`, `cod_region`) VALUES (\'25\', \'prueba\', \'10\')')
 2 SYSTEMPATH\Database\BaseConnection.php(648): CodeIgniter\Database\BaseConnection->simpleQuery('INSERT INTO `departamentos` (`cod_depto`, `nombre_depto`, `cod_region`) VALUES (\'25\', \'prueba\', \'10\')')
 3 SYSTEMPATH\Database\BaseBuilder.php(2332): CodeIgniter\Database\BaseConnection->query('INSERT INTO `departamentos` (`cod_depto`, `nombre_depto`, `cod_region`) VALUES (:cod_depto:, :nombre_depto:, :cod_region:)', [...], false)
 4 SYSTEMPATH\Model.php(394): CodeIgniter\Database\BaseBuilder->insert()
 5 SYSTEMPATH\BaseModel.php(840): CodeIgniter\Model->doInsert([...])
 6 SYSTEMPATH\Model.php(802): CodeIgniter\BaseModel->insert([...], true)
 7 APPPATH\Controllers\DepartamentosController.php(23): CodeIgniter\Model->insert([...])
 8 SYSTEMPATH\CodeIgniter.php(933): App\Controllers\DepartamentosController->agregarDepartamentos()
 9 SYSTEMPATH\CodeIgniter.php(509): CodeIgniter\CodeIgniter->runController(Object(App\Controllers\DepartamentosController))
10 SYSTEMPATH\CodeIgniter.php(355): CodeIgniter\CodeIgniter->handleRequest(null, Object(Config\Cache), false)
11 SYSTEMPATH\Boot.php(325): CodeIgniter\CodeIgniter->run()
12 SYSTEMPATH\Boot.php(67): CodeIgniter\Boot::runCodeIgniter(Object(CodeIgniter\CodeIgniter))
13 FCPATH\index.php(56): CodeIgniter\Boot::bootWeb(Object(Config\Paths))
CRITICAL - 2024-07-22 14:43:24 --> [Caused by] mysqli_sql_exception: Cannot add or update a child row: a foreign key constraint fails (`fs2024_dml`.`departamentos`, CONSTRAINT `departamentos_ibfk_1` FOREIGN KEY (`cod_region`) REFERENCES `regiones` (`cod_region`) ON DELETE CASCADE ON UPDATE CASCADE)
in SYSTEMPATH\Database\MySQLi\Connection.php on line 312.
 1 SYSTEMPATH\Database\MySQLi\Connection.php(312): mysqli->query('INSERT INTO `departamentos` (`cod_depto`, `nombre_depto`, `cod_region`) VALUES (\'25\', \'prueba\', \'10\')', 0)
 2 SYSTEMPATH\Database\BaseConnection.php(734): CodeIgniter\Database\MySQLi\Connection->execute('INSERT INTO `departamentos` (`cod_depto`, `nombre_depto`, `cod_region`) VALUES (\'25\', \'prueba\', \'10\')')
 3 SYSTEMPATH\Database\BaseConnection.php(648): CodeIgniter\Database\BaseConnection->simpleQuery('INSERT INTO `departamentos` (`cod_depto`, `nombre_depto`, `cod_region`) VALUES (\'25\', \'prueba\', \'10\')')
 4 SYSTEMPATH\Database\BaseBuilder.php(2332): CodeIgniter\Database\BaseConnection->query('INSERT INTO `departamentos` (`cod_depto`, `nombre_depto`, `cod_region`) VALUES (:cod_depto:, :nombre_depto:, :cod_region:)', [...], false)
 5 SYSTEMPATH\Model.php(394): CodeIgniter\Database\BaseBuilder->insert()
 6 SYSTEMPATH\BaseModel.php(840): CodeIgniter\Model->doInsert([...])
 7 SYSTEMPATH\Model.php(802): CodeIgniter\BaseModel->insert([...], true)
 8 APPPATH\Controllers\DepartamentosController.php(23): CodeIgniter\Model->insert([...])
 9 SYSTEMPATH\CodeIgniter.php(933): App\Controllers\DepartamentosController->agregarDepartamentos()
10 SYSTEMPATH\CodeIgniter.php(509): CodeIgniter\CodeIgniter->runController(Object(App\Controllers\DepartamentosController))
11 SYSTEMPATH\CodeIgniter.php(355): CodeIgniter\CodeIgniter->handleRequest(null, Object(Config\Cache), false)
12 SYSTEMPATH\Boot.php(325): CodeIgniter\CodeIgniter->run()
13 SYSTEMPATH\Boot.php(67): CodeIgniter\Boot::runCodeIgniter(Object(CodeIgniter\CodeIgniter))
14 FCPATH\index.php(56): CodeIgniter\Boot::bootWeb(Object(Config\Paths))
CRITICAL - 2024-07-22 15:07:59 --> ParseError: syntax error, unexpected single-quoted string "tel_movil", expecting "]"
[Method: GET, Route: ver_ciudadanos]
in APPPATH\Controllers\CiudadanosController.php on line 23.
 1 SYSTEMPATH\Autoloader\Autoloader.php(296): CodeIgniter\Autoloader\Autoloader->includeFile('C:\\xampp\\htdocs\\fs2024\\Ejercicios-Codelgniter\\ci4_ciudadanos\\app\\Controllers\\CiudadanosController.php')
 2 SYSTEMPATH\Autoloader\Autoloader.php(272): CodeIgniter\Autoloader\Autoloader->loadInNamespace('App\\Controllers\\CiudadanosController')
 3 [internal function]: CodeIgniter\Autoloader\Autoloader->loadClass('App\\Controllers\\CiudadanosController')
 4 SYSTEMPATH\CodeIgniter.php(887): class_exists('\\App\\Controllers\\CiudadanosController', true)
 5 SYSTEMPATH\CodeIgniter.php(496): CodeIgniter\CodeIgniter->startController()
 6 SYSTEMPATH\CodeIgniter.php(355): CodeIgniter\CodeIgniter->handleRequest(null, Object(Config\Cache), false)
 7 SYSTEMPATH\Boot.php(325): CodeIgniter\CodeIgniter->run()
 8 SYSTEMPATH\Boot.php(67): CodeIgniter\Boot::runCodeIgniter(Object(CodeIgniter\CodeIgniter))
 9 FCPATH\index.php(56): CodeIgniter\Boot::bootWeb(Object(Config\Paths))
ERROR - 2024-07-22 15:10:21 --> mysqli_sql_exception: Cannot add or update a child row: a foreign key constraint fails (`fs2024_dml`.`ciudadanos`, CONSTRAINT `ciudadanos_ibfk_3` FOREIGN KEY (`cod_muni`) REFERENCES `municipios` (`cod_muni`) ON DELETE CASCADE ON UPDATE CASCADE) in C:\xampp\htdocs\fs2024\Ejercicios-Codelgniter\ci4_ciudadanos\system\Database\MySQLi\Connection.php:312
Stack trace:
#0 C:\xampp\htdocs\fs2024\Ejercicios-Codelgniter\ci4_ciudadanos\system\Database\MySQLi\Connection.php(312): mysqli->query('INSERT INTO `ci...', 0)
#1 C:\xampp\htdocs\fs2024\Ejercicios-Codelgniter\ci4_ciudadanos\system\Database\BaseConnection.php(734): CodeIgniter\Database\MySQLi\Connection->execute('INSERT INTO `ci...')
#2 C:\xampp\htdocs\fs2024\Ejercicios-Codelgniter\ci4_ciudadanos\system\Database\BaseConnection.php(648): CodeIgniter\Database\BaseConnection->simpleQuery('INSERT INTO `ci...')
#3 C:\xampp\htdocs\fs2024\Ejercicios-Codelgniter\ci4_ciudadanos\system\Database\BaseBuilder.php(2332): CodeIgniter\Database\BaseConnection->query('INSERT INTO `ci...', Array, false)
#4 C:\xampp\htdocs\fs2024\Ejercicios-Codelgniter\ci4_ciudadanos\system\Model.php(394): CodeIgniter\Database\BaseBuilder->insert()
#5 C:\xampp\htdocs\fs2024\Ejercicios-Codelgniter\ci4_ciudadanos\system\BaseModel.php(840): CodeIgniter\Model->doInsert(Array)
#6 C:\xampp\htdocs\fs2024\Ejercicios-Codelgniter\ci4_ciudadanos\system\Model.php(802): CodeIgniter\BaseModel->insert(Array, true)
#7 C:\xampp\htdocs\fs2024\Ejercicios-Codelgniter\ci4_ciudadanos\app\Controllers\CiudadanosController.php(31): CodeIgniter\Model->insert(Array)
#8 C:\xampp\htdocs\fs2024\Ejercicios-Codelgniter\ci4_ciudadanos\system\CodeIgniter.php(933): App\Controllers\CiudadanosController->agregarCiudadano()
#9 C:\xampp\htdocs\fs2024\Ejercicios-Codelgniter\ci4_ciudadanos\system\CodeIgniter.php(509): CodeIgniter\CodeIgniter->runController(Object(App\Controllers\CiudadanosController))
#10 C:\xampp\htdocs\fs2024\Ejercicios-Codelgniter\ci4_ciudadanos\system\CodeIgniter.php(355): CodeIgniter\CodeIgniter->handleRequest(NULL, Object(Config\Cache), false)
#11 C:\xampp\htdocs\fs2024\Ejercicios-Codelgniter\ci4_ciudadanos\system\Boot.php(325): CodeIgniter\CodeIgniter->run()
#12 C:\xampp\htdocs\fs2024\Ejercicios-Codelgniter\ci4_ciudadanos\system\Boot.php(67): CodeIgniter\Boot::runCodeIgniter(Object(CodeIgniter\CodeIgniter))
#13 C:\xampp\htdocs\fs2024\Ejercicios-Codelgniter\ci4_ciudadanos\public\index.php(56): CodeIgniter\Boot::bootWeb(Object(Config\Paths))
#14 {main}
CRITICAL - 2024-07-22 15:10:21 --> CodeIgniter\Database\Exceptions\DatabaseException: Cannot add or update a child row: a foreign key constraint fails (`fs2024_dml`.`ciudadanos`, CONSTRAINT `ciudadanos_ibfk_3` FOREIGN KEY (`cod_muni`) REFERENCES `municipios` (`cod_muni`) ON DELETE CASCADE ON UPDATE CASCADE)
[Method: POST, Route: crearCiudadano]
in SYSTEMPATH\Database\BaseConnection.php on line 688.
 1 SYSTEMPATH\Database\BaseBuilder.php(2332): CodeIgniter\Database\BaseConnection->query('INSERT INTO `ciudadanos` (`dpi`, `apellido`, `nombre`, `tel_casa`, `tel_movil`, `email`, `cod_nivel_acad`, `cod_muni`, `contra`) VALUES (:dpi:, :apellido:, :nombre:, :tel_casa:, :tel_movil:, :email:, :cod_nivel_acad:, :cod_muni:, :contra:)', [...], false)
 2 SYSTEMPATH\Model.php(394): CodeIgniter\Database\BaseBuilder->insert()
 3 SYSTEMPATH\BaseModel.php(840): CodeIgniter\Model->doInsert([...])
 4 SYSTEMPATH\Model.php(802): CodeIgniter\BaseModel->insert([...], true)
 5 APPPATH\Controllers\CiudadanosController.php(31): CodeIgniter\Model->insert([...])
 6 SYSTEMPATH\CodeIgniter.php(933): App\Controllers\CiudadanosController->agregarCiudadano()
 7 SYSTEMPATH\CodeIgniter.php(509): CodeIgniter\CodeIgniter->runController(Object(App\Controllers\CiudadanosController))
 8 SYSTEMPATH\CodeIgniter.php(355): CodeIgniter\CodeIgniter->handleRequest(null, Object(Config\Cache), false)
 9 SYSTEMPATH\Boot.php(325): CodeIgniter\CodeIgniter->run()
10 SYSTEMPATH\Boot.php(67): CodeIgniter\Boot::runCodeIgniter(Object(CodeIgniter\CodeIgniter))
11 FCPATH\index.php(56): CodeIgniter\Boot::bootWeb(Object(Config\Paths))
CRITICAL - 2024-07-22 15:10:21 --> [Caused by] CodeIgniter\Database\Exceptions\DatabaseException: Cannot add or update a child row: a foreign key constraint fails (`fs2024_dml`.`ciudadanos`, CONSTRAINT `ciudadanos_ibfk_3` FOREIGN KEY (`cod_muni`) REFERENCES `municipios` (`cod_muni`) ON DELETE CASCADE ON UPDATE CASCADE)
in SYSTEMPATH\Database\MySQLi\Connection.php on line 317.
 1 SYSTEMPATH\Database\BaseConnection.php(734): CodeIgniter\Database\MySQLi\Connection->execute('INSERT INTO `ciudadanos` (`dpi`, `apellido`, `nombre`, `tel_casa`, `tel_movil`, `email`, `cod_nivel_acad`, `cod_muni`, `contra`) VALUES (\'651561651651651\', \'prueba\', \'Prueba\', \'56165\', \'1561\', \'56156\', \'1\', \'2\', \'2131\')')
 2 SYSTEMPATH\Database\BaseConnection.php(648): CodeIgniter\Database\BaseConnection->simpleQuery('INSERT INTO `ciudadanos` (`dpi`, `apellido`, `nombre`, `tel_casa`, `tel_movil`, `email`, `cod_nivel_acad`, `cod_muni`, `contra`) VALUES (\'651561651651651\', \'prueba\', \'Prueba\', \'56165\', \'1561\', \'56156\', \'1\', \'2\', \'2131\')')
 3 SYSTEMPATH\Database\BaseBuilder.php(2332): CodeIgniter\Database\BaseConnection->query('INSERT INTO `ciudadanos` (`dpi`, `apellido`, `nombre`, `tel_casa`, `tel_movil`, `email`, `cod_nivel_acad`, `cod_muni`, `contra`) VALUES (:dpi:, :apellido:, :nombre:, :tel_casa:, :tel_movil:, :email:, :cod_nivel_acad:, :cod_muni:, :contra:)', [...], false)
 4 SYSTEMPATH\Model.php(394): CodeIgniter\Database\BaseBuilder->insert()
 5 SYSTEMPATH\BaseModel.php(840): CodeIgniter\Model->doInsert([...])
 6 SYSTEMPATH\Model.php(802): CodeIgniter\BaseModel->insert([...], true)
 7 APPPATH\Controllers\CiudadanosController.php(31): CodeIgniter\Model->insert([...])
 8 SYSTEMPATH\CodeIgniter.php(933): App\Controllers\CiudadanosController->agregarCiudadano()
 9 SYSTEMPATH\CodeIgniter.php(509): CodeIgniter\CodeIgniter->runController(Object(App\Controllers\CiudadanosController))
10 SYSTEMPATH\CodeIgniter.php(355): CodeIgniter\CodeIgniter->handleRequest(null, Object(Config\Cache), false)
11 SYSTEMPATH\Boot.php(325): CodeIgniter\CodeIgniter->run()
12 SYSTEMPATH\Boot.php(67): CodeIgniter\Boot::runCodeIgniter(Object(CodeIgniter\CodeIgniter))
13 FCPATH\index.php(56): CodeIgniter\Boot::bootWeb(Object(Config\Paths))
CRITICAL - 2024-07-22 15:10:21 --> [Caused by] mysqli_sql_exception: Cannot add or update a child row: a foreign key constraint fails (`fs2024_dml`.`ciudadanos`, CONSTRAINT `ciudadanos_ibfk_3` FOREIGN KEY (`cod_muni`) REFERENCES `municipios` (`cod_muni`) ON DELETE CASCADE ON UPDATE CASCADE)
in SYSTEMPATH\Database\MySQLi\Connection.php on line 312.
 1 SYSTEMPATH\Database\MySQLi\Connection.php(312): mysqli->query('INSERT INTO `ciudadanos` (`dpi`, `apellido`, `nombre`, `tel_casa`, `tel_movil`, `email`, `cod_nivel_acad`, `cod_muni`, `contra`) VALUES (\'651561651651651\', \'prueba\', \'Prueba\', \'56165\', \'1561\', \'56156\', \'1\', \'2\', \'2131\')', 0)
 2 SYSTEMPATH\Database\BaseConnection.php(734): CodeIgniter\Database\MySQLi\Connection->execute('INSERT INTO `ciudadanos` (`dpi`, `apellido`, `nombre`, `tel_casa`, `tel_movil`, `email`, `cod_nivel_acad`, `cod_muni`, `contra`) VALUES (\'651561651651651\', \'prueba\', \'Prueba\', \'56165\', \'1561\', \'56156\', \'1\', \'2\', \'2131\')')
 3 SYSTEMPATH\Database\BaseConnection.php(648): CodeIgniter\Database\BaseConnection->simpleQuery('INSERT INTO `ciudadanos` (`dpi`, `apellido`, `nombre`, `tel_casa`, `tel_movil`, `email`, `cod_nivel_acad`, `cod_muni`, `contra`) VALUES (\'651561651651651\', \'prueba\', \'Prueba\', \'56165\', \'1561\', \'56156\', \'1\', \'2\', \'2131\')')
 4 SYSTEMPATH\Database\BaseBuilder.php(2332): CodeIgniter\Database\BaseConnection->query('INSERT INTO `ciudadanos` (`dpi`, `apellido`, `nombre`, `tel_casa`, `tel_movil`, `email`, `cod_nivel_acad`, `cod_muni`, `contra`) VALUES (:dpi:, :apellido:, :nombre:, :tel_casa:, :tel_movil:, :email:, :cod_nivel_acad:, :cod_muni:, :contra:)', [...], false)
 5 SYSTEMPATH\Model.php(394): CodeIgniter\Database\BaseBuilder->insert()
 6 SYSTEMPATH\BaseModel.php(840): CodeIgniter\Model->doInsert([...])
 7 SYSTEMPATH\Model.php(802): CodeIgniter\BaseModel->insert([...], true)
 8 APPPATH\Controllers\CiudadanosController.php(31): CodeIgniter\Model->insert([...])
 9 SYSTEMPATH\CodeIgniter.php(933): App\Controllers\CiudadanosController->agregarCiudadano()
10 SYSTEMPATH\CodeIgniter.php(509): CodeIgniter\CodeIgniter->runController(Object(App\Controllers\CiudadanosController))
11 SYSTEMPATH\CodeIgniter.php(355): CodeIgniter\CodeIgniter->handleRequest(null, Object(Config\Cache), false)
12 SYSTEMPATH\Boot.php(325): CodeIgniter\CodeIgniter->run()
13 SYSTEMPATH\Boot.php(67): CodeIgniter\Boot::runCodeIgniter(Object(CodeIgniter\CodeIgniter))
14 FCPATH\index.php(56): CodeIgniter\Boot::bootWeb(Object(Config\Paths))
